MachineChestPressFlat, 180, 11, 11-26-2022
MachineChestPressFlat, 185, 9, 11-26-2022
MachineChestPressFlat, 180, 12, 11-26-2022
MachineChestPressFlat, 180, 9, 11-26-2022
DumbbellChestPressIncline, 55, 12, 11-26-2022
DumbbellChestPressIncline, 60, 10, 11-26-2022
DumbbellChestPressIncline, 60, 12, 11-26-2022
DumbbellChestPressIncline, 60, 12, 11-26-2022
Dip, 0, 6, 11-26-2022
Dip, 0, 7, 11-26-2022
Dip, 0, 8, 11-26-2022
LateralRaise, 20, 13, 11-26-2022
LateralRaise, 20, 12, 11-26-2022
LateralRaise, 20, 11, 11-26-2022
DumbbellShoulderPress, 50, 10, 11-26-2022
DumbbellShoulderPress, 50, 11, 11-26-2022
DumbbellShoulderPress, 50, 12, 11-26-2022
TricepExtension, 50, 14, 11-26-2022
TricepExtension, 60, 12, 11-26-2022
TricepExtension, 60, 12, 11-26-2022
OverheadTricepExtension, 42, 10, 11-26-2022
OverheadTricepExtension, 42, 12, 11-26-2022
OverheadTricepExtension, 42, 11, 11-26-2022
MachineCurl, 115, 12, 11-27-2022
MachineCurl, 120, 11, 11-27-2022
MachineCurl, 120, 9, 11-27-2022
MachineCurl, 120, 10, 11-27-2022
DumbbellCurl, 25, 9, 11-27-2022
DumbbellCurl, 25, 10, 11-27-2022
DumbbellCurl, 25, 11, 11-27-2022
CableCurl, 15, 12, 11-27-2022
CableCurl, 20, 11, 11-27-2022
CableCurl, 20, 11, 11-27-2022
HammerCurl, 30, 9, 11-27-2022
HammerCurl, 25, 12, 11-27-2022
HammerCurl, 25, 12, 11-27-2022
WristCurl, 65, 18, 11-27-2022
WristCurl, 75, 12, 11-27-2022
WristCurl, 75, 12, 11-27-2022
LatPulldown, 140, 12, 11-27-2022
LatPulldown, 140, 12, 11-27-2022
LatPulldown, 140, 12, 11-27-2022
LatPulldown, 140, 12, 11-27-2022
OneHandedCableRow, 50, 12, 11-27-2022
OneHandedCableRow, 50, 12, 11-27-2022
OneHandedCableRow, 50, 12, 11-27-2022
SeatedCalfRaise, 50, 14, 11-28-2022
SeatedCalfRaise, 50, 12, 11-28-2022
SeatedCalfRaise, 50, 11, 11-28-2022
SeatedCalfRaise, 50, 12, 11-28-2022
LegPress, 270, 12, 11-28-2022
LegPress, 270, 13, 11-28-2022
LegPress, 270, 10, 11-28-2022
LegPress, 270, 12, 11-28-2022
LegCurl, 130, 12, 11-28-2022
LegCurl, 130, 15, 11-28-2022
LegCurl, 135, 10, 11-28-2022
DumbbellRDL, 50, 12, 11-28-2022
DumbbellRDL, 50, 12, 11-28-2022
DumbbellRDL, 50, 10, 11-28-2022
LegExtension, 130, 12, 11-28-2022
LegExtension, 130, 12, 11-28-2022
LegExtension, 130, 12, 11-28-2022
MachineShoulderPress, 60, 12, 11-29-2022
MachineShoulderPress, 60, 10, 11-29-2022
MachineShoulderPress, 60, 6, 11-29-2022
DumbbellShoulderPress, 50, 11, 11-29-2022
DumbbellShoulderPress, 50, 12, 11-29-2022
DumbbellShoulderPress, 50, 12, 11-29-2022
LateralRaise, 20, 13, 11-29-2022
LateralRaise, 20, 14, 11-29-2022
LateralRaise, 20, 15, 11-29-2022
LatPulldown, 140, 12, 11-30-2022
LatPulldown, 140, 11, 11-30-2022
LatPulldown, 145, 11, 11-30-2022
LatPulldown, 145, 10, 11-30-2022
OneHandedCableRow, 50, 24, 11-30-2022
OneHandedCableRow, 50, 30, 11-30-2022
OneHandedCableRow, 55, 24, 11-30-2022
CableLowRow, 100, 12, 11-30-2022
CableLowRow, 100, 12, 11-30-2022
CableLowRow, 105, 12, 11-30-2022
MachineCurl, 120, 12, 11-30-2022
MachineCurl, 120, 11, 11-30-2022
MachineCurl, 120, 10, 11-30-2022
MachineCurl, 115, 12, 11-30-2022
DumbbellCurl, 25, 11, 11-30-2022
DumbbellCurl, 25, 11, 11-30-2022
DumbbellCurl, 25, 12, 11-30-2022
HammerCurl, 25, 11, 11-30-2022
HammerCurl, 25, 12, 11-30-2022
HammerCurl, 25, 12, 11-30-2022
Pullup, 0, 5, 11-30-2022
Pullup, 0, 6, 11-30-2022
Pullup, 0, 6, 11-30-2022
SeatedCalfRaise, 55, 12, 12-01-2022
SeatedCalfRaise, 55, 12, 12-01-2022
SeatedCalfRaise, 55, 14, 12-01-2022
LegCurl, 135, 14, 12-01-2022
LegCurl, 135, 15, 12-01-2022
LegCurl, 140, 12, 12-01-2022
LegPress, 270, 12, 12-01-2022
LegPress, 270, 12, 12-01-2022
LegPress, 270, 14, 12-01-2022
LegPress, 270, 11, 12-01-2022
BarbellSquat, 135, 11, 12-01-2022
BarbellSquat, 145, 11, 12-01-2022
BarbellSquat, 145, 11, 12-01-2022
LegExtension, 130, 12, 12-01-2022
LegExtension, 130, 12, 12-01-2022
LegExtension, 130, 11, 12-01-2022
CableCrunch, 70, 12, 12-01-2022
CableCrunch, 60, 15, 12-01-2022
CableCrunch, 65, 15, 12-01-2022
CableCrunch, 65, 15, 12-01-2022
CableCrunch, 65, 13, 12-01-2022
LegRaiseCrunch, 0, 10, 12-01-2022
LegRaiseCrunch, 0, 10, 12-01-2022
LegRaiseCrunch, 0, 10, 12-01-2022
LegRaiseCrunch, 0, 10, 12-01-2022
LegRaiseCrunch, 0, 10, 12-01-2022
MachineChestPress, 180, 12, 12-02-2022
MachineChestPress, 180, 11, 12-02-2022
MachineChestPress, 180, 12, 12-02-2022
MachineChestPress, 180, 12, 12-02-2022
MachineChestPressIncline, 70, 12, 12-02-2022
MachineChestPressIncline, 70, 11, 12-02-2022
MachineChestPressIncline, 70, 12, 12-02-2022
MachineChestPressIncline, 70, 12, 12-02-2022
Dip, 0, 6, 12-02-2022
Dip, 0, 8, 12-02-2022
Dip, 0, 8, 12-02-2022
PectoralFly, 145, 12, 12-02-2022
PectoralFly, 145, 12, 12-02-2022
PectoralFly, 145, 12, 12-02-2022
DumbbellShoulderPress, 50, 11, 12-02-2022
DumbbellShoulderPress, 50, 12, 12-02-2022
DumbbellShoulderPress, 50, 12, 12-02-2022
LateralRaise, 25, 8, 12-02-2022
LateralRaise, 25, 8, 12-02-2022
LateralRaise, 25, 8, 12-02-2022
MachineCurl, 120, 11, 12-04-2022
MachineCurl, 120, 10, 12-04-2022
MachineCurl, 120, 10, 12-04-2022
MachineCurl, 120, 12, 12-04-2022
DumbbellCurl, 25, 11, 12-04-2022
DumbbellCurl, 25, 12, 12-04-2022
DumbbellCurl, 25, 12, 12-04-2022
HammerCurl, 30, 8, 12-04-2022
HammerCurl, 25, 13, 12-04-2022
HammerCurl, 30, 9, 12-04-2022
CableCurl, 20, 12, 12-04-2022
CableCurl, 20, 12, 12-04-2022
SeatedCalfRaise, 55, 12, 12-05-2022
SeatedCalfRaise, 55, 13, 12-05-2022
SeatedCalfRaise, 55, 12, 12-05-2022
LegCurl, 140, 15, 12-05-2022
LegCurl, 140, 13, 12-05-2022
LegCurl, 140, 13, 12-05-2022
LegPress, 270, 14, 12-05-2022
LegPress, 270, 13, 12-05-2022
LegPress, 270, 14, 12-05-2022
LegPress, 270, 12, 12-05-2022
DumbbellRDL, 50, 10, 12-05-2022
DumbbellRDL, 50, 10, 12-05-2022
DumbbellRDL, 50, 12, 12-05-2022
LegExtension, 130, 12, 12-05-2022
LegExtension, 130, 14, 12-05-2022
LegExtension, 130, 13, 12-05-2022
CableCrunch, 65, 15, 12-05-2022
CableCrunch, 65, 15, 12-05-2022
CableCrunch, 65, 15, 12-05-2022
CableCrunch, 65, 15, 12-05-2022
CableCrunch, 65, 15, 12-05-2022
LegRaiseCrunch, 0, 12, 12-05-2022
LegRaiseCrunch, 0, 12, 12-05-2022
LegRaiseCrunch, 0, 12, 12-05-2022
LegRaiseCrunch, 0, 12, 12-05-2022
LegRaiseCrunch, 0, 12, 12-05-2022
MachineShoulderPress, 65, 13, 12-06-2022
MachineShoulderPress, 65, 12, 12-06-2022
MachineShoulderPress, 70, 12, 12-06-2022
LateralRaise, 25, 10, 12-06-2022
LateralRaise, 25, 9, 12-06-2022
LateralRaise, 25, 10, 12-06-2022
DumbbellShoulderPress, 50, 12, 12-06-2022
DumbbellShoulderPress, 50, 12, 12-06-2022
DumbbellShoulderPress, 50, 12, 12-06-2022
TricepExtension, 60, 12, 12-06-2022
TricepExtension, 60, 12, 12-06-2022
TricepExtension, 60, 12, 12-06-2022
OverheadTricepExtension, 40, 12, 12-06-2022
OverheadTricepExtension, 42, 12, 12-06-2022
OverheadTricepExtension, 42, 13, 12-06-2022
MachineChestPress, 180, 11, 12-06-2022
MachineChestPress, 175, 10, 12-06-2022
MachineChestPress, 175, 10, 12-06-2022
MachineChestPress, 175, 12, 12-06-2022
DumbbellChestPressIncline, 60, 12, 12-06-2022
DumbbellChestPressIncline, 60, 12, 12-06-2022
DumbbellChestPressIncline, 60, 12, 12-06-2022
DumbbellChestPressIncline, 60, 12, 12-06-2022
PectoralFly, 150, 12, 12-06-2022
PectoralFly, 150, 12, 12-06-2022
PectoralFly, 150, 12, 12-06-2022
SeatedCalfRaise, 55, 15, 12-08-2022
SeatedCalfRaise, 55, 15, 12-08-2022
SeatedCalfRaise, 55, 15, 12-08-2022
LegCurl, 135, 14, 12-08-2022
LegCurl, 140, 13, 12-08-2022
LegCurl, 140, 13, 12-08-2022
LegPress, 280, 13, 12-08-2022
LegPress, 280, 13, 12-08-2022
LegPress, 280, 12, 12-08-2022
LegPress, 280, 13, 12-08-2022
BarbellSquat, 155, 12, 12-08-2022
BarbellSquat, 155, 12, 12-08-2022
BarbellSquat, 155, 12, 12-08-2022
LegExtension, 130, 12, 12-08-2022
LegExtension, 130, 12, 12-08-2022
LegExtension, 130, 12, 12-08-2022
CableCrunch, 65, 15, 12-08-2022
CableCrunch, 65, 15, 12-08-2022
CableCrunch, 65, 15, 12-08-2022
CableCrunch, 65, 15, 12-08-2022
CableCrunch, 65, 15, 12-08-2022
LegRaiseCrunch, 0, 10, 12-08-2022
LegRaiseCrunch, 0, 11, 12-08-2022
MachineChestPress, 180, 12, 12-09-2022
MachineChestPress, 180, 12, 12-09-2022
MachineChestPress, 180, 11, 12-09-2022
MachineChestPress, 180, 12, 12-09-2022
DumbbellChestPressIncline, 60, 12, 12-09-2022
DumbbellChestPressIncline, 60, 12, 12-09-2022
DumbbellChestPressIncline, 60, 12, 12-09-2022
DumbbellChestPressIncline, 60, 12, 12-09-2022
PectoralFly, 160, 12, 12-09-2022
PectoralFly, 170, 12, 12-09-2022
PectoralFly, 170, 12, 12-09-2022
Dip, 0, 8, 12-09-2022
Dip, 0, 8, 12-09-2022
Dip, 0, 8, 12-09-2022
DumbbellShoulderPress, 55, 11, 12-09-2022
DumbbellShoulderPress, 50, 12, 12-09-2022
DumbbellShoulderPress, 50, 12, 12-09-2022
LateralRaise, 25, 11, 12-09-2022
LateralRaise, 25, 10, 12-09-2022
LateralRaise, 25, 10, 12-09-2022
