MachineChestPressFlat, 180, 1x11, 11-26-2022
MachineChestPressFlat, 185, 1x9, 11-26-2022
MachineChestPressFlat, 180, 1x12, 11-26-2022
MachineChestPressFlat, 180, 1x9, 11-26-2022
DumbbellChestPressIncline, 55, 1x12, 11-26-2022
DumbbellChestPressIncline, 60, 1x10, 11-26-2022
DumbbellChestPressIncline, 60, 2x12, 11-26-2022
Dip, 0, 1x6, 11-26-2022
Dip, 0, 1x7, 11-26-2022
Dip, 0, 1x8, 11-26-2022
LateralRaise, 20, 1x13, 11-26-2022
LateralRaise, 20, 1x12, 11-26-2022
LateralRaise, 20, 1x11, 11-26-2022
DumbbellShoulderPress, 50, 1x10, 11-26-2022
DumbbellShoulderPress, 50, 1x11, 11-26-2022
DumbbellShoulderPress, 50, 1x12, 11-26-2022
TricepExtension, 50, 1x14, 11-26-2022
TricepExtension, 60, 2x12, 11-26-2022
OverheadTricepExtension, 42, 1x10, 11-26-2022
OverheadTricepExtension, 42, 1x12, 11-26-2022
OverheadTricepExtension, 42, 1x11, 11-26-2022
MachineCurl, 115, 1x12, 11-27-2022
MachineCurl, 120, 1x11, 11-27-2022
MachineCurl, 120, 1x9, 11-27-2022
MachineCurl, 120, 1x10, 11-27-2022
DumbbellCurl, 25, 1x9, 11-27-2022
DumbbellCurl, 25, 1x10, 11-27-2022
DumbbellCurl, 25, 1x11, 11-27-2022
CableCurl, 15, 1x12, 11-27-2022
CableCurl, 20, 2x11, 11-27-2022
HammerCurl, 30, 1x9, 11-27-2022
HammerCurl, 25, 2x12, 11-27-2022
WristCurl, 65, 1x18, 11-27-2022
WristCurl, 75, 2x12, 11-27-2022
LatPulldown, 140, 4x12, 11-27-2022
OneHandedCableRow, 50, 3x12, 11-27-2022
SeatedCalfRaise, 50, 1x14, 11-28-2022
SeatedCalfRaise, 50, 2x12, 11-28-2022
SeatedCalfRaise, 50, 1x11, 11-28-2022
LegPress, 270, 2x12, 11-28-2022
LegPress, 270, 1x13, 11-28-2022
LegPress, 270, 1x10, 11-28-2022
LegCurl, 130, 1x12, 11-28-2022
LegCurl, 130, 1x15, 11-28-2022
LegCurl, 135, 1x10, 11-28-2022
DumbbellRDL, 50, 2x12, 11-28-2022
DumbbellRDL, 50, 1x10, 11-28-2022
LegExtension, 130, 3x12, 11-28-2022
MachineShoulderPress, 60, 1x12, 11-29-2022
MachineShoulderPress, 60, 1x10, 11-29-2022
MachineShoulderPress, 60, 1x6, 11-29-2022
DumbbellShoulderPress, 50, 1x11, 11-29-2022
DumbbellShoulderPress, 50, 2x12, 11-29-2022
LateralRaise, 20, 1x13, 11-29-2022
LateralRaise, 20, 1x14, 11-29-2022
LateralRaise, 20, 1x15, 11-29-2022
LatPulldown, 140, 1x12, 11-30-2022
LatPulldown, 140, 1x11, 11-30-2022
LatPulldown, 145, 1x11, 11-30-2022
LatPulldown, 145, 1x10, 11-30-2022
OneHandedCableRow, 50, 1x24, 11-30-2022
OneHandedCableRow, 50, 1x30, 11-30-2022
OneHandedCableRow, 55, 1x24, 11-30-2022
CableLowRow, 100, 2x12, 11-30-2022
CableLowRow, 105, 1x12, 11-30-2022
MachineCurl, 120, 1x12, 11-30-2022
MachineCurl, 120, 1x11, 11-30-2022
MachineCurl, 120, 1x10, 11-30-2022
MachineCurl, 115, 1x12, 11-30-2022
DumbbellCurl, 25, 2x11, 11-30-2022
DumbbellCurl, 25, 1x12, 11-30-2022
HammerCurl, 25, 1x11, 11-30-2022
HammerCurl, 25, 2x12, 11-30-2022
Pullup, 0, 1x5, 11-30-2022
Pullup, 0, 2x6, 11-30-2022
SeatedCalfRaise, 55, 2x12, 12-01-2022
SeatedCalfRaise, 55, 1x14, 12-01-2022
LegCurl, 135, 1x14, 12-01-2022
LegCurl, 135, 1x15, 12-01-2022
LegCurl, 140, 1x12, 12-01-2022
LegPress, 270, 2x12, 12-01-2022
LegPress, 270, 1x14, 12-01-2022
LegPress, 270, 1x11, 12-01-2022
BarbellSquat, 135, 1x11, 12-01-2022
BarbellSquat, 145, 2x11, 12-01-2022
LegExtension, 130, 2x12, 12-01-2022
LegExtension, 130, 1x11, 12-01-2022
CableCrunch, 70, 1x12, 12-01-2022
CableCrunch, 60, 1x15, 12-01-2022
CableCrunch, 65, 2x15, 12-01-2022
CableCrunch, 65, 1x13, 12-01-2022
LegRaiseCrunch, 0, 5x10, 12-01-2022
MachineChestPress, 180, 3x12, 12-02-2022
MachineChestPress, 180, 1x11, 12-02-2022
MachineChestPressIncline, 70, 3x12, 12-02-2022
MachineChestPressIncline, 70, 1x11, 12-02-2022
Dip, 0, 1x6, 12-02-2022
Dip, 0, 2x8, 12-02-2022
PectoralFly, 145, 3x12, 12-02-2022
DumbbellShoulderPress, 50, 1x11, 12-02-2022
DumbbellShoulderPress, 50, 2x12, 12-02-2022
LateralRaise, 25, 3x8, 12-02-2022
MachineCurl, 120, 1x11, 12-04-2022
MachineCurl, 120, 2x10, 12-04-2022
MachineCurl, 120, 1x12, 12-04-2022
DumbbellCurl, 25, 1x11, 12-04-2022
DumbbellCurl, 25, 2x12, 12-04-2022
HammerCurl, 30, 1x8, 12-04-2022
HammerCurl, 25, 1x13, 12-04-2022
HammerCurl, 30, 1x9, 12-04-2022
CableCurl, 20, 2x12, 12-04-2022
SeatedCalfRaise, 55, 2x12, 12-05-2022
SeatedCalfRaise, 55, 1x13, 12-05-2022
LegCurl, 140, 1x15, 12-05-2022
LegCurl, 140, 2x13, 12-05-2022
LegPress, 270, 2x14, 12-05-2022
LegPress, 270, 1x13, 12-05-2022
LegPress, 270, 1x12, 12-05-2022
DumbbellRDL, 50, 2x10, 12-05-2022
DumbbellRDL, 50, 1x12, 12-05-2022
LegExtension, 130, 1x12, 12-05-2022
LegExtension, 130, 1x14, 12-05-2022
LegExtension, 130, 1x13, 12-05-2022
CableCrunch, 65, 5x15, 12-05-2022
LegRaiseCrunch, 0, 5x12, 12-05-2022
MachineShoulderPress, 65, 1x13, 12-06-2022
MachineShoulderPress, 65, 1x12, 12-06-2022
MachineShoulderPress, 70, 1x12, 12-06-2022
LateralRaise, 25, 2x10, 12-06-2022
LateralRaise, 25, 1x9, 12-06-2022
DumbbellShoulderPress, 50, 3x12, 12-06-2022
TricepExtension, 60, 3x12, 12-06-2022
OverheadTricepExtension, 40, 1x12, 12-06-2022
OverheadTricepExtension, 42, 1x12, 12-06-2022
OverheadTricepExtension, 42, 1x13, 12-06-2022
MachineChestPress, 180, 1x11, 12-06-2022
MachineChestPress, 175, 2x10, 12-06-2022
MachineChestPress, 175, 1x12, 12-06-2022
DumbbellChestPressIncline, 60, 4x12, 12-06-2022
PectoralFly, 150, 3x12, 12-06-2022
SeatedCalfRaise, 55, 3x15, 12-08-2022
LegCurl, 135, 1x14, 12-08-2022
LegCurl, 140, 2x13, 12-08-2022
LegPress, 280, 3x13, 12-08-2022
LegPress, 280, 1x12, 12-08-2022
BarbellSquat, 155, 3x12, 12-08-2022
LegExtension, 130, 3x12, 12-08-2022
CableCrunch, 65, 5x15, 12-08-2022
LegRaiseCrunch, 0, 1x10, 12-08-2022
LegRaiseCrunch, 0, 1x11, 12-08-2022
MachineChestPress, 180, 3x12, 12-09-2022
MachineChestPress, 180, 1x11, 12-09-2022
DumbbellChestPressIncline, 60, 4x12, 12-09-2022
PectoralFly, 160, 1x12, 12-09-2022
PectoralFly, 170, 2x12, 12-09-2022
Dip, 0, 3x8, 12-09-2022
DumbbellShoulderPress, 55, 1x11, 12-09-2022
DumbbellShoulderPress, 50, 2x12, 12-09-2022
LateralRaise, 25, 1x11, 12-09-2022
LateralRaise, 25, 2x10, 12-09-2022
