machine chest press 180 12 Tue Nov 8 09:40:58 CST 2022
machine chest press 180 11 Tue Nov 8 09:45:00 CST 2022
machine chest press 180 10 Tue Nov 8 09:50:08 CST 2022
machine chest press 180 11 Tue Nov 8 09:56:22 CST 2022
dumbbell chest press incline 55 12 Tue Nov 8 10:00:32 CST 2022
dumbbell chest press incline 55 11 Tue Nov 8 10:04:36 CST 2022
dumbbell chest press incline 55 12 Tue Nov 8 10:11:59 CST 2022
dumbbell chest press incline 55 11 Tue Nov 8 10:15:43 CST 2022
dips 0 6 Tue Nov 8 10:17:40 CST 2022
dips 0 7 Tue Nov 8 10:19:58 CST 2022
dips 0 6 Tue Nov 8 10:24:09 CST 2022
cable chest flyes 30 10 Tue Nov 8 10:26:25 CST 2022
cable chest flyes 30 11 Tue Nov 8 10:31:52 CST 2022
cable chest flyes 30 12 Tue Nov 8 10:31:57 CST 2022
dumbbell shoulder press 50 12 Tue Nov 8 10:34:09 CST 2022
dumbbell shoulder press 50 8 Tue Nov 8 10:37:39 CST 2022
dumbbell shoulder press 50 10 Tue Nov 8 10:44:30 CST 2022
dumbbell lateral raise 25 11 Tue Nov 8 10:46:10 CST 2022
dumbbell lateral raise 25 9 Tue Nov 8 10:50:46 CST 2022
dumbbell lateral raise 25 10 Tue Nov 8 10:50:49 CST 2022
